{
  "0 debug pnpm:scope": {
    "selected": 1
  },
  "1 error pnpm": {
    "code": "ELIFECYCLE",
    "errno": "ENOENT",
    "syscall": "spawn",
    "file": "sh",
    "pkgid": "svelte-app@1.0.0",
    "stage": "build",
    "script": "rollup -c",
    "pkgname": "svelte-app",
    "err": {
      "name": "pnpm",
      "message": "svelte-app@1.0.0 build: `rollup -c`\nspawn ENOENT",
      "code": "ELIFECYCLE",
      "stack": "pnpm: svelte-app@1.0.0 build: `rollup -c`\nspawn ENOENT\n    at ChildProcess.<anonymous> (/Users/oliver/.volta/tools/image/packages/pnpm/lib/node_modules/pnpm/dist/pnpm.cjs:91976:22)\n    at ChildProcess.emit (node:events:520:28)\n    at maybeClose (node:internal/child_process:1090:16)\n    at Process.ChildProcess._handle.onexit (node:internal/child_process:302:5)"
    }
  },
  "2 warn pnpm:global": " Local package.json exists, but node_modules missing, did you mean to install?"
}